{"/Users/janbialostok/Developer/github/other/deep-assign/bin/index.js":{"path":"/Users/janbialostok/Developer/github/other/deep-assign/bin/index.js","s":{"1":1,"2":1,"3":1},"b":{},"f":{},"fnMap":{},"statementMap":{"1":{"start":{"line":2,"column":0},"end":{"line":2,"column":45}},"2":{"start":{"line":3,"column":0},"end":{"line":3,"column":43}},"3":{"start":{"line":5,"column":0},"end":{"line":8,"column":2}}},"branchMap":{}},"/Users/janbialostok/Developer/github/other/deep-assign/bin/deep-assign.js":{"path":"/Users/janbialostok/Developer/github/other/deep-assign/bin/deep-assign.js","s":{"1":1,"2":7,"3":7,"4":7,"5":7,"6":7,"7":31,"8":30,"9":40,"10":24,"11":24,"12":24,"13":13,"14":13,"15":11,"16":11,"17":24,"18":16,"19":16,"20":0,"21":31,"22":7,"23":2,"24":5,"25":1},"b":{"1":[30,1],"2":[24,16],"3":[40,40],"4":[13,11],"5":[2,11],"6":[13,2],"7":[2,9],"8":[2,9],"9":[11,2],"10":[0,9],"11":[16,0],"12":[2,5]},"f":{"1":7},"fnMap":{"1":{"name":"deepAssign","line":3,"loc":{"start":{"line":3,"column":0},"end":{"line":3,"column":23}}}},"statementMap":{"1":{"start":{"line":3,"column":0},"end":{"line":32,"column":1}},"2":{"start":{"line":4,"column":2},"end":{"line":4,"column":28}},"3":{"start":{"line":5,"column":2},"end":{"line":5,"column":28}},"4":{"start":{"line":6,"column":2},"end":{"line":6,"column":17}},"5":{"start":{"line":7,"column":2},"end":{"line":7,"column":31}},"6":{"start":{"line":8,"column":2},"end":{"line":29,"column":3}},"7":{"start":{"line":9,"column":4},"end":{"line":27,"column":5}},"8":{"start":{"line":10,"column":6},"end":{"line":26,"column":7}},"9":{"start":{"line":11,"column":8},"end":{"line":25,"column":9}},"10":{"start":{"line":12,"column":10},"end":{"line":12,"column":21}},"11":{"start":{"line":13,"column":10},"end":{"line":13,"column":55}},"12":{"start":{"line":14,"column":10},"end":{"line":20,"column":11}},"13":{"start":{"line":15,"column":12},"end":{"line":15,"column":127}},"14":{"start":{"line":16,"column":12},"end":{"line":16,"column":37}},"15":{"start":{"line":18,"column":12},"end":{"line":18,"column":111}},"16":{"start":{"line":19,"column":12},"end":{"line":19,"column":33}},"17":{"start":{"line":21,"column":10},"end":{"line":21,"column":48}},"18":{"start":{"line":23,"column":10},"end":{"line":24,"column":45}},"19":{"start":{"line":23,"column":26},"end":{"line":23,"column":60}},"20":{"start":{"line":24,"column":15},"end":{"line":24,"column":45}},"21":{"start":{"line":28,"column":4},"end":{"line":28,"column":28}},"22":{"start":{"line":30,"column":2},"end":{"line":30,"column":63}},"23":{"start":{"line":30,"column":19},"end":{"line":30,"column":63}},"24":{"start":{"line":31,"column":2},"end":{"line":31,"column":16}},"25":{"start":{"line":34,"column":0},"end":{"line":34,"column":28}}},"branchMap":{"1":{"line":9,"type":"if","locations":[{"start":{"line":9,"column":4},"end":{"line":9,"column":4}},{"start":{"line":9,"column":4},"end":{"line":9,"column":4}}]},"2":{"line":11,"type":"if","locations":[{"start":{"line":11,"column":8},"end":{"line":11,"column":8}},{"start":{"line":11,"column":8},"end":{"line":11,"column":8}}]},"3":{"line":11,"type":"binary-expr","locations":[{"start":{"line":11,"column":12},"end":{"line":11,"column":27}},{"start":{"line":11,"column":31},"end":{"line":11,"column":66}}]},"4":{"line":14,"type":"if","locations":[{"start":{"line":14,"column":10},"end":{"line":14,"column":10}},{"start":{"line":14,"column":10},"end":{"line":14,"column":10}}]},"5":{"line":15,"type":"cond-expr","locations":[{"start":{"line":15,"column":89},"end":{"line":15,"column":104}},{"start":{"line":15,"column":107},"end":{"line":15,"column":126}}]},"6":{"line":15,"type":"binary-expr","locations":[{"start":{"line":15,"column":31},"end":{"line":15,"column":46}},{"start":{"line":15,"column":50},"end":{"line":15,"column":85}}]},"7":{"line":15,"type":"cond-expr","locations":[{"start":{"line":15,"column":119},"end":{"line":15,"column":121}},{"start":{"line":15,"column":124},"end":{"line":15,"column":126}}]},"8":{"line":18,"type":"cond-expr","locations":[{"start":{"line":18,"column":77},"end":{"line":18,"column":88}},{"start":{"line":18,"column":91},"end":{"line":18,"column":110}}]},"9":{"line":18,"type":"binary-expr","locations":[{"start":{"line":18,"column":27},"end":{"line":18,"column":38}},{"start":{"line":18,"column":42},"end":{"line":18,"column":73}}]},"10":{"line":18,"type":"cond-expr","locations":[{"start":{"line":18,"column":103},"end":{"line":18,"column":105}},{"start":{"line":18,"column":108},"end":{"line":18,"column":110}}]},"11":{"line":23,"type":"if","locations":[{"start":{"line":23,"column":10},"end":{"line":23,"column":10}},{"start":{"line":23,"column":10},"end":{"line":23,"column":10}}]},"12":{"line":30,"type":"if","locations":[{"start":{"line":30,"column":2},"end":{"line":30,"column":2}},{"start":{"line":30,"column":2},"end":{"line":30,"column":2}}]}}},"/Users/janbialostok/Developer/github/other/deep-assign/bin/deep-merge.js":{"path":"/Users/janbialostok/Developer/github/other/deep-assign/bin/deep-merge.js","s":{"1":1,"2":0,"3":0,"4":0,"5":0,"6":0,"7":0,"8":0,"9":0,"10":0,"11":0,"12":0,"13":0,"14":0,"15":0,"16":0,"17":0,"18":0,"19":0,"20":0,"21":0,"22":0,"23":0,"24":0,"25":0,"26":1},"b":{"1":[0,0],"2":[0,0],"3":[0,0],"4":[0,0,0,0],"5":[0,0],"6":[0,0],"7":[0,0],"8":[0,0],"9":[0,0],"10":[0,0],"11":[0,0],"12":[0,0],"13":[0,0]},"f":{"1":0},"fnMap":{"1":{"name":"deepMerge","line":3,"loc":{"start":{"line":3,"column":0},"end":{"line":3,"column":51}}}},"statementMap":{"1":{"start":{"line":3,"column":0},"end":{"line":33,"column":1}},"2":{"start":{"line":4,"column":2},"end":{"line":4,"column":17}},"3":{"start":{"line":5,"column":2},"end":{"line":5,"column":26}},"4":{"start":{"line":6,"column":2},"end":{"line":6,"column":21}},"5":{"start":{"line":7,"column":2},"end":{"line":7,"column":77}},"6":{"start":{"line":8,"column":2},"end":{"line":31,"column":3}},"7":{"start":{"line":9,"column":4},"end":{"line":28,"column":5}},"8":{"start":{"line":10,"column":6},"end":{"line":27,"column":7}},"9":{"start":{"line":11,"column":8},"end":{"line":26,"column":9}},"10":{"start":{"line":12,"column":10},"end":{"line":12,"column":21}},"11":{"start":{"line":13,"column":10},"end":{"line":13,"column":55}},"12":{"start":{"line":14,"column":10},"end":{"line":20,"column":11}},"13":{"start":{"line":15,"column":12},"end":{"line":15,"column":127}},"14":{"start":{"line":16,"column":12},"end":{"line":16,"column":37}},"15":{"start":{"line":18,"column":12},"end":{"line":18,"column":111}},"16":{"start":{"line":19,"column":12},"end":{"line":19,"column":33}},"17":{"start":{"line":21,"column":10},"end":{"line":21,"column":23}},"18":{"start":{"line":22,"column":10},"end":{"line":22,"column":48}},"19":{"start":{"line":24,"column":10},"end":{"line":25,"column":45}},"20":{"start":{"line":24,"column":26},"end":{"line":24,"column":60}},"21":{"start":{"line":25,"column":15},"end":{"line":25,"column":45}},"22":{"start":{"line":29,"column":4},"end":{"line":29,"column":36}},"23":{"start":{"line":29,"column":28},"end":{"line":29,"column":36}},"24":{"start":{"line":30,"column":4},"end":{"line":30,"column":28}},"25":{"start":{"line":32,"column":2},"end":{"line":32,"column":16}},"26":{"start":{"line":35,"column":0},"end":{"line":35,"column":27}}},"branchMap":{"1":{"line":7,"type":"cond-expr","locations":[{"start":{"line":7,"column":52},"end":{"line":7,"column":65}},{"start":{"line":7,"column":68},"end":{"line":7,"column":76}}]},"2":{"line":9,"type":"if","locations":[{"start":{"line":9,"column":4},"end":{"line":9,"column":4}},{"start":{"line":9,"column":4},"end":{"line":9,"column":4}}]},"3":{"line":11,"type":"if","locations":[{"start":{"line":11,"column":8},"end":{"line":11,"column":8}},{"start":{"line":11,"column":8},"end":{"line":11,"column":8}}]},"4":{"line":11,"type":"binary-expr","locations":[{"start":{"line":11,"column":12},"end":{"line":11,"column":27}},{"start":{"line":11,"column":31},"end":{"line":11,"column":66}},{"start":{"line":11,"column":70},"end":{"line":11,"column":92}},{"start":{"line":11,"column":96},"end":{"line":11,"column":105}}]},"5":{"line":14,"type":"if","locations":[{"start":{"line":14,"column":10},"end":{"line":14,"column":10}},{"start":{"line":14,"column":10},"end":{"line":14,"column":10}}]},"6":{"line":15,"type":"cond-expr","locations":[{"start":{"line":15,"column":89},"end":{"line":15,"column":104}},{"start":{"line":15,"column":107},"end":{"line":15,"column":126}}]},"7":{"line":15,"type":"binary-expr","locations":[{"start":{"line":15,"column":31},"end":{"line":15,"column":46}},{"start":{"line":15,"column":50},"end":{"line":15,"column":85}}]},"8":{"line":15,"type":"cond-expr","locations":[{"start":{"line":15,"column":119},"end":{"line":15,"column":121}},{"start":{"line":15,"column":124},"end":{"line":15,"column":126}}]},"9":{"line":18,"type":"cond-expr","locations":[{"start":{"line":18,"column":77},"end":{"line":18,"column":88}},{"start":{"line":18,"column":91},"end":{"line":18,"column":110}}]},"10":{"line":18,"type":"binary-expr","locations":[{"start":{"line":18,"column":27},"end":{"line":18,"column":38}},{"start":{"line":18,"column":42},"end":{"line":18,"column":73}}]},"11":{"line":18,"type":"cond-expr","locations":[{"start":{"line":18,"column":103},"end":{"line":18,"column":105}},{"start":{"line":18,"column":108},"end":{"line":18,"column":110}}]},"12":{"line":24,"type":"if","locations":[{"start":{"line":24,"column":10},"end":{"line":24,"column":10}},{"start":{"line":24,"column":10},"end":{"line":24,"column":10}}]},"13":{"line":29,"type":"if","locations":[{"start":{"line":29,"column":4},"end":{"line":29,"column":4}},{"start":{"line":29,"column":4},"end":{"line":29,"column":4}}]}}}}