TN:
SF:/Users/janbialostok/Developer/github/other/deep-assign/bin/index.js
FNF:0
FNH:0
DA:2,1
DA:3,1
DA:5,1
LF:3
LH:3
BRF:0
BRH:0
end_of_record
TN:
SF:/Users/janbialostok/Developer/github/other/deep-assign/bin/deep-assign.js
FN:3,deepAssign
FNF:1
FNH:1
FNDA:7,deepAssign
DA:3,1
DA:4,7
DA:5,7
DA:6,7
DA:7,7
DA:8,7
DA:9,31
DA:10,30
DA:11,40
DA:12,24
DA:13,24
DA:14,24
DA:15,13
DA:16,13
DA:18,11
DA:19,11
DA:21,24
DA:23,16
DA:24,0
DA:28,31
DA:30,7
DA:31,5
DA:34,1
LF:23
LH:22
BRDA:9,1,0,30
BRDA:9,1,1,1
BRDA:11,2,0,24
BRDA:11,2,1,16
BRDA:11,3,0,40
BRDA:11,3,1,40
BRDA:14,4,0,13
BRDA:14,4,1,11
BRDA:15,5,0,2
BRDA:15,5,1,11
BRDA:15,6,0,13
BRDA:15,6,1,2
BRDA:15,7,0,2
BRDA:15,7,1,9
BRDA:18,8,0,2
BRDA:18,8,1,9
BRDA:18,9,0,11
BRDA:18,9,1,2
BRDA:18,10,0,0
BRDA:18,10,1,9
BRDA:23,11,0,16
BRDA:23,11,1,0
BRDA:30,12,0,2
BRDA:30,12,1,5
BRF:24
BRH:22
end_of_record
TN:
SF:/Users/janbialostok/Developer/github/other/deep-assign/bin/deep-merge.js
FN:3,deepMerge
FNF:1
FNH:0
FNDA:0,deepMerge
DA:3,1
DA:4,0
DA:5,0
DA:6,0
DA:7,0
DA:8,0
DA:9,0
DA:10,0
DA:11,0
DA:12,0
DA:13,0
DA:14,0
DA:15,0
DA:16,0
DA:18,0
DA:19,0
DA:21,0
DA:22,0
DA:24,0
DA:25,0
DA:29,0
DA:30,0
DA:32,0
DA:35,1
LF:24
LH:2
BRDA:7,1,0,0
BRDA:7,1,1,0
BRDA:9,2,0,0
BRDA:9,2,1,0
BRDA:11,3,0,0
BRDA:11,3,1,0
BRDA:11,4,0,0
BRDA:11,4,1,0
BRDA:11,4,2,0
BRDA:11,4,3,0
BRDA:14,5,0,0
BRDA:14,5,1,0
BRDA:15,6,0,0
BRDA:15,6,1,0
BRDA:15,7,0,0
BRDA:15,7,1,0
BRDA:15,8,0,0
BRDA:15,8,1,0
BRDA:18,9,0,0
BRDA:18,9,1,0
BRDA:18,10,0,0
BRDA:18,10,1,0
BRDA:18,11,0,0
BRDA:18,11,1,0
BRDA:24,12,0,0
BRDA:24,12,1,0
BRDA:29,13,0,0
BRDA:29,13,1,0
BRF:28
BRH:0
end_of_record
